<?xml version="1.0" encoding="UTF-8"?>
<!-- Generated by org.testng.reporters.JUnitReportReporter -->
<testsuite hostname="DESKTOP-CSIH6AP" failures="0" tests="1" name="aving.ParameterizationTest" time="0.008" errors="0" timestamp="2023-10-22T23:09:03 IST" skipped="0">
  <testcase classname="aving.ParameterizationTest" name="sample" time="0.008"/>
  <system-out/>
</testsuite> <!-- aving.ParameterizationTest -->
