<?xml version="1.0" encoding="UTF-8"?>
<!-- Generated by org.testng.reporters.JUnitReportReporter -->
<testsuite hostname="DESKTOP-CSIH6AP" failures="0" tests="1" name="aving.Annotation" time="0.006" errors="0" timestamp="2023-10-17T22:46:17 IST" skipped="0">
  <testcase classname="aving.Annotation" name="test1" time="0.006"/>
  <system-out/>
</testsuite> <!-- aving.Annotation -->
