<?xml version="1.0" encoding="UTF-8"?>
<!-- Generated by org.testng.reporters.JUnitReportReporter -->
<testsuite hostname="DESKTOP-CSIH6AP" failures="0" tests="1" name="aving.ValidationTest" time="0.012" errors="0" timestamp="2023-10-28T16:20:55 IST" skipped="0">
  <testcase classname="aving.ValidationTest" name="validation" time="0.012"/>
  <system-out/>
</testsuite> <!-- aving.ValidationTest -->
