<?xml version="1.0" encoding="UTF-8"?>
<!-- Generated by org.testng.reporters.JUnitReportReporter -->
<testsuite hostname="DESKTOP-CSIH6AP" failures="0" tests="1" name="aving.sampleTest" time="0.009" errors="0" timestamp="2023-10-21T22:50:36 IST" skipped="0">
  <testcase classname="aving.sampleTest" name="sample" time="0.009"/>
  <system-out/>
</testsuite> <!-- aving.sampleTest -->
